  Enemy.cpp
C:\Users\고필규\source\repos\kofeeel\CppPractice_Wanted_potenUp2\WinApi\250327_galaga\250304_WinAPI\CommonFunction.h(91,17): warning C4244: '=': 'float'에서 'LONG'(으)로 변환하면서 데이터가 손실될 수 있습니다.
  (소스 파일 'Enemy.cpp'을(를) 컴파일하는 중)
  
C:\Users\고필규\source\repos\kofeeel\CppPractice_Wanted_potenUp2\WinApi\250327_galaga\250304_WinAPI\CommonFunction.h(93,16): warning C4244: '=': 'float'에서 'LONG'(으)로 변환하면서 데이터가 손실될 수 있습니다.
  (소스 파일 'Enemy.cpp'을(를) 컴파일하는 중)
  
C:\Users\고필규\source\repos\kofeeel\CppPractice_Wanted_potenUp2\WinApi\250327_galaga\250304_WinAPI\CommonFunction.h(115,39): warning C4244: '=': 'double'에서 'float'(으)로 변환하면서 데이터가 손실될 수 있습니다.
  (소스 파일 'Enemy.cpp'을(를) 컴파일하는 중)
  
C:\Users\고필규\source\repos\kofeeel\CppPractice_Wanted_potenUp2\WinApi\250327_galaga\250304_WinAPI\CommonFunction.h(116,39): warning C4244: '=': 'double'에서 'float'(으)로 변환하면서 데이터가 손실될 수 있습니다.
  (소스 파일 'Enemy.cpp'을(를) 컴파일하는 중)
  
C:\Users\고필규\source\repos\kofeeel\CppPractice_Wanted_potenUp2\WinApi\250327_galaga\250304_WinAPI\Enemy.cpp(93,37): warning C4244: '인수': 'float'에서 'int'(으)로 변환하면서 데이터가 손실될 수 있습니다.
C:\Users\고필규\source\repos\kofeeel\CppPractice_Wanted_potenUp2\WinApi\250327_galaga\250304_WinAPI\Enemy.cpp(93,30): warning C4244: '인수': 'float'에서 'int'(으)로 변환하면서 데이터가 손실될 수 있습니다.
  EnemyManager.cpp
  GameObject.cpp
  MainGame.cpp
C:\Users\고필규\source\repos\kofeeel\CppPractice_Wanted_potenUp2\WinApi\250327_galaga\250304_WinAPI\CommonFunction.h(91,17): warning C4244: '=': 'float'에서 'LONG'(으)로 변환하면서 데이터가 손실될 수 있습니다.
  (소스 파일 'MainGame.cpp'을(를) 컴파일하는 중)
  
C:\Users\고필규\source\repos\kofeeel\CppPractice_Wanted_potenUp2\WinApi\250327_galaga\250304_WinAPI\CommonFunction.h(93,16): warning C4244: '=': 'float'에서 'LONG'(으)로 변환하면서 데이터가 손실될 수 있습니다.
  (소스 파일 'MainGame.cpp'을(를) 컴파일하는 중)
  
C:\Users\고필규\source\repos\kofeeel\CppPractice_Wanted_potenUp2\WinApi\250327_galaga\250304_WinAPI\CommonFunction.h(115,39): warning C4244: '=': 'double'에서 'float'(으)로 변환하면서 데이터가 손실될 수 있습니다.
  (소스 파일 'MainGame.cpp'을(를) 컴파일하는 중)
  
C:\Users\고필규\source\repos\kofeeel\CppPractice_Wanted_potenUp2\WinApi\250327_galaga\250304_WinAPI\CommonFunction.h(116,39): warning C4244: '=': 'double'에서 'float'(으)로 변환하면서 데이터가 손실될 수 있습니다.
  (소스 파일 'MainGame.cpp'을(를) 컴파일하는 중)
  
  Missile.cpp
C:\Users\고필규\source\repos\kofeeel\CppPractice_Wanted_potenUp2\WinApi\250327_galaga\250304_WinAPI\CommonFunction.h(91,17): warning C4244: '=': 'float'에서 'LONG'(으)로 변환하면서 데이터가 손실될 수 있습니다.
  (소스 파일 'Missile.cpp'을(를) 컴파일하는 중)
  
C:\Users\고필규\source\repos\kofeeel\CppPractice_Wanted_potenUp2\WinApi\250327_galaga\250304_WinAPI\CommonFunction.h(93,16): warning C4244: '=': 'float'에서 'LONG'(으)로 변환하면서 데이터가 손실될 수 있습니다.
  (소스 파일 'Missile.cpp'을(를) 컴파일하는 중)
  
C:\Users\고필규\source\repos\kofeeel\CppPractice_Wanted_potenUp2\WinApi\250327_galaga\250304_WinAPI\CommonFunction.h(115,39): warning C4244: '=': 'double'에서 'float'(으)로 변환하면서 데이터가 손실될 수 있습니다.
  (소스 파일 'Missile.cpp'을(를) 컴파일하는 중)
  
C:\Users\고필규\source\repos\kofeeel\CppPractice_Wanted_potenUp2\WinApi\250327_galaga\250304_WinAPI\CommonFunction.h(116,39): warning C4244: '=': 'double'에서 'float'(으)로 변환하면서 데이터가 손실될 수 있습니다.
  (소스 파일 'Missile.cpp'을(를) 컴파일하는 중)
  
C:\Users\고필규\source\repos\kofeeel\CppPractice_Wanted_potenUp2\WinApi\250327_galaga\250304_WinAPI\Missile.cpp(49,32): warning C4244: '인수': 'float'에서 'int'(으)로 변환하면서 데이터가 손실될 수 있습니다.
C:\Users\고필규\source\repos\kofeeel\CppPractice_Wanted_potenUp2\WinApi\250327_galaga\250304_WinAPI\Missile.cpp(49,25): warning C4244: '인수': 'float'에서 'int'(으)로 변환하면서 데이터가 손실될 수 있습니다.
C:\Users\고필규\source\repos\kofeeel\CppPractice_Wanted_potenUp2\WinApi\250327_galaga\250304_WinAPI\Missile.cpp(53,40): warning C4244: '인수': 'float'에서 'int'(으)로 변환하면서 데이터가 손실될 수 있습니다.
C:\Users\고필규\source\repos\kofeeel\CppPractice_Wanted_potenUp2\WinApi\250327_galaga\250304_WinAPI\Missile.cpp(53,33): warning C4244: '인수': 'float'에서 'int'(으)로 변환하면서 데이터가 손실될 수 있습니다.
C:\Users\고필규\source\repos\kofeeel\CppPractice_Wanted_potenUp2\WinApi\250327_galaga\250304_WinAPI\Missile.cpp(62,12): warning C4305: '인수': 'double'에서 'float'(으)로 잘립니다.
C:\Users\고필규\source\repos\kofeeel\CppPractice_Wanted_potenUp2\WinApi\250327_galaga\250304_WinAPI\Missile.cpp(64,12): warning C4305: '인수': 'double'에서 'float'(으)로 잘립니다.
  MissileFactory.h
  MissileManager.cpp
  Player.cpp
C:\Users\고필규\source\repos\kofeeel\CppPractice_Wanted_potenUp2\WinApi\250327_galaga\250304_WinAPI\CommonFunction.h(91,17): warning C4244: '=': 'float'에서 'LONG'(으)로 변환하면서 데이터가 손실될 수 있습니다.
  (소스 파일 'Player.cpp'을(를) 컴파일하는 중)
  
C:\Users\고필규\source\repos\kofeeel\CppPractice_Wanted_potenUp2\WinApi\250327_galaga\250304_WinAPI\CommonFunction.h(93,16): warning C4244: '=': 'float'에서 'LONG'(으)로 변환하면서 데이터가 손실될 수 있습니다.
  (소스 파일 'Player.cpp'을(를) 컴파일하는 중)
  
C:\Users\고필규\source\repos\kofeeel\CppPractice_Wanted_potenUp2\WinApi\250327_galaga\250304_WinAPI\CommonFunction.h(115,39): warning C4244: '=': 'double'에서 'float'(으)로 변환하면서 데이터가 손실될 수 있습니다.
  (소스 파일 'Player.cpp'을(를) 컴파일하는 중)
  
C:\Users\고필규\source\repos\kofeeel\CppPractice_Wanted_potenUp2\WinApi\250327_galaga\250304_WinAPI\CommonFunction.h(116,39): warning C4244: '=': 'double'에서 'float'(으)로 변환하면서 데이터가 손실될 수 있습니다.
  (소스 파일 'Player.cpp'을(를) 컴파일하는 중)
  
C:\Users\고필규\source\repos\kofeeel\CppPractice_Wanted_potenUp2\WinApi\250327_galaga\250304_WinAPI\Player.cpp(17,42): warning C4244: '인수': 'float'에서 'int'(으)로 변환하면서 데이터가 손실될 수 있습니다.
C:\Users\고필규\source\repos\kofeeel\CppPractice_Wanted_potenUp2\WinApi\250327_galaga\250304_WinAPI\Player.cpp(17,35): warning C4244: '인수': 'float'에서 'int'(으)로 변환하면서 데이터가 손실될 수 있습니다.
C:\Users\고필규\source\repos\kofeeel\CppPractice_Wanted_potenUp2\WinApi\250327_galaga\250304_WinAPI\Player.cpp(61,44): warning C4244: '인수': 'float'에서 'int'(으)로 변환하면서 데이터가 손실될 수 있습니다.
C:\Users\고필규\source\repos\kofeeel\CppPractice_Wanted_potenUp2\WinApi\250327_galaga\250304_WinAPI\Player.cpp(61,37): warning C4244: '인수': 'float'에서 'int'(으)로 변환하면서 데이터가 손실될 수 있습니다.
C:\Users\고필규\source\repos\kofeeel\CppPractice_Wanted_potenUp2\WinApi\250327_galaga\250304_WinAPI\Player.cpp(67,39): warning C4244: '인수': 'float'에서 'int'(으)로 변환하면서 데이터가 손실될 수 있습니다.
C:\Users\고필규\source\repos\kofeeel\CppPractice_Wanted_potenUp2\WinApi\250327_galaga\250304_WinAPI\Player.cpp(67,32): warning C4244: '인수': 'float'에서 'int'(으)로 변환하면서 데이터가 손실될 수 있습니다.
  Tank.cpp
C:\Users\고필규\source\repos\kofeeel\CppPractice_Wanted_potenUp2\WinApi\250327_galaga\250304_WinAPI\CommonFunction.h(91,17): warning C4244: '=': 'float'에서 'LONG'(으)로 변환하면서 데이터가 손실될 수 있습니다.
  (소스 파일 'Tank.cpp'을(를) 컴파일하는 중)
  
C:\Users\고필규\source\repos\kofeeel\CppPractice_Wanted_potenUp2\WinApi\250327_galaga\250304_WinAPI\CommonFunction.h(93,16): warning C4244: '=': 'float'에서 'LONG'(으)로 변환하면서 데이터가 손실될 수 있습니다.
  (소스 파일 'Tank.cpp'을(를) 컴파일하는 중)
  
C:\Users\고필규\source\repos\kofeeel\CppPractice_Wanted_potenUp2\WinApi\250327_galaga\250304_WinAPI\CommonFunction.h(115,39): warning C4244: '=': 'double'에서 'float'(으)로 변환하면서 데이터가 손실될 수 있습니다.
  (소스 파일 'Tank.cpp'을(를) 컴파일하는 중)
  
C:\Users\고필규\source\repos\kofeeel\CppPractice_Wanted_potenUp2\WinApi\250327_galaga\250304_WinAPI\CommonFunction.h(116,39): warning C4244: '=': 'double'에서 'float'(으)로 변환하면서 데이터가 손실될 수 있습니다.
  (소스 파일 'Tank.cpp'을(를) 컴파일하는 중)
  
C:\Users\고필규\source\repos\kofeeel\CppPractice_Wanted_potenUp2\WinApi\250327_galaga\250304_WinAPI\Tank.cpp(12,42): warning C4244: '인수': 'float'에서 'int'(으)로 변환하면서 데이터가 손실될 수 있습니다.
C:\Users\고필규\source\repos\kofeeel\CppPractice_Wanted_potenUp2\WinApi\250327_galaga\250304_WinAPI\Tank.cpp(12,35): warning C4244: '인수': 'float'에서 'int'(으)로 변환하면서 데이터가 손실될 수 있습니다.
C:\Users\고필규\source\repos\kofeeel\CppPractice_Wanted_potenUp2\WinApi\250327_galaga\250304_WinAPI\Tank.cpp(45,42): warning C4244: '인수': 'double'에서 'float'(으)로 변환하면서 데이터가 손실될 수 있습니다.
C:\Users\고필규\source\repos\kofeeel\CppPractice_Wanted_potenUp2\WinApi\250327_galaga\250304_WinAPI\Tank.cpp(46,42): warning C4244: '인수': 'double'에서 'float'(으)로 변환하면서 데이터가 손실될 수 있습니다.
C:\Users\고필규\source\repos\kofeeel\CppPractice_Wanted_potenUp2\WinApi\250327_galaga\250304_WinAPI\Tank.cpp(60,39): warning C4244: '인수': 'float'에서 'int'(으)로 변환하면서 데이터가 손실될 수 있습니다.
C:\Users\고필규\source\repos\kofeeel\CppPractice_Wanted_potenUp2\WinApi\250327_galaga\250304_WinAPI\Tank.cpp(60,32): warning C4244: '인수': 'float'에서 'int'(으)로 변환하면서 데이터가 손실될 수 있습니다.
C:\Users\고필규\source\repos\kofeeel\CppPractice_Wanted_potenUp2\WinApi\250327_galaga\250304_WinAPI\Tank.cpp(62,26): warning C4244: '인수': 'float'에서 'int'(으)로 변환하면서 데이터가 손실될 수 있습니다.
C:\Users\고필규\source\repos\kofeeel\CppPractice_Wanted_potenUp2\WinApi\250327_galaga\250304_WinAPI\Tank.cpp(62,19): warning C4244: '인수': 'float'에서 'int'(으)로 변환하면서 데이터가 손실될 수 있습니다.
C:\Users\고필규\source\repos\kofeeel\CppPractice_Wanted_potenUp2\WinApi\250327_galaga\250304_WinAPI\Tank.cpp(63,36): warning C4244: '인수': 'float'에서 'int'(으)로 변환하면서 데이터가 손실될 수 있습니다.
C:\Users\고필규\source\repos\kofeeel\CppPractice_Wanted_potenUp2\WinApi\250327_galaga\250304_WinAPI\Tank.cpp(63,23): warning C4244: '인수': 'float'에서 'int'(으)로 변환하면서 데이터가 손실될 수 있습니다.
  TimerManager.cpp
C:\Users\고필규\source\repos\kofeeel\CppPractice_Wanted_potenUp2\WinApi\250327_galaga\250304_WinAPI\TimerManager.cpp(30,51): warning C4267: '인수': 'size_t'에서 'int'(으)로 변환하면서 데이터가 손실될 수 있습니다.
  코드를 생성하고 있습니다...
  250304_WinAPI.vcxproj -> C:\Users\고필규\source\repos\kofeeel\CppPractice_Wanted_potenUp2\WinApi\250327_galaga\x64\Debug\250304_WinAPI.exe
