c:\users\고필규\source\repos\kofeeel\cpppractice_wanted_potenup2\winapi\galaga\250304_winapi\x64\debug\vc143.pdb
c:\users\고필규\source\repos\kofeeel\cpppractice_wanted_potenup2\winapi\galaga\250304_winapi\x64\debug\vc143.idb
c:\users\고필규\source\repos\kofeeel\cpppractice_wanted_potenup2\winapi\galaga\250304_winapi\x64\debug\tank.obj
c:\users\고필규\source\repos\kofeeel\cpppractice_wanted_potenup2\winapi\galaga\250304_winapi\x64\debug\missile.obj
c:\users\고필규\source\repos\kofeeel\cpppractice_wanted_potenup2\winapi\galaga\250304_winapi\x64\debug\maingame.obj
c:\users\고필규\source\repos\kofeeel\cpppractice_wanted_potenup2\winapi\galaga\250304_winapi\x64\debug\main.obj
c:\users\고필규\source\repos\kofeeel\cpppractice_wanted_potenup2\winapi\galaga\250304_winapi\x64\debug\kof_iori.obj
c:\users\고필규\source\repos\kofeeel\cpppractice_wanted_potenup2\winapi\galaga\250304_winapi\x64\debug\keymanager.obj
c:\users\고필규\source\repos\kofeeel\cpppractice_wanted_potenup2\winapi\galaga\250304_winapi\x64\debug\image.obj
c:\users\고필규\source\repos\kofeeel\cpppractice_wanted_potenup2\winapi\galaga\250304_winapi\x64\debug\gameobject.obj
c:\users\고필규\source\repos\kofeeel\cpppractice_wanted_potenup2\winapi\galaga\250304_winapi\x64\debug\enemymanager.obj
c:\users\고필규\source\repos\kofeeel\cpppractice_wanted_potenup2\winapi\galaga\250304_winapi\x64\debug\enemy.obj
c:\users\고필규\source\repos\kofeeel\cpppractice_wanted_potenup2\winapi\galaga\x64\debug\250304_winapi.exe
c:\users\고필규\source\repos\kofeeel\cpppractice_wanted_potenup2\winapi\galaga\x64\debug\250304_winapi.pdb
c:\users\고필규\source\repos\kofeeel\cpppractice_wanted_potenup2\winapi\galaga\250304_winapi\x64\debug\250304_winapi.ilk
c:\users\고필규\source\repos\kofeeel\cpppractice_wanted_potenup2\winapi\galaga\250304_winapi\x64\debug\250304_winapi.tlog\cl.command.1.tlog
c:\users\고필규\source\repos\kofeeel\cpppractice_wanted_potenup2\winapi\galaga\250304_winapi\x64\debug\250304_winapi.tlog\cl.items.tlog
c:\users\고필규\source\repos\kofeeel\cpppractice_wanted_potenup2\winapi\galaga\250304_winapi\x64\debug\250304_winapi.tlog\cl.read.1.tlog
c:\users\고필규\source\repos\kofeeel\cpppractice_wanted_potenup2\winapi\galaga\250304_winapi\x64\debug\250304_winapi.tlog\cl.write.1.tlog
c:\users\고필규\source\repos\kofeeel\cpppractice_wanted_potenup2\winapi\galaga\250304_winapi\x64\debug\250304_winapi.tlog\link.command.1.tlog
c:\users\고필규\source\repos\kofeeel\cpppractice_wanted_potenup2\winapi\galaga\250304_winapi\x64\debug\250304_winapi.tlog\link.read.1.tlog
c:\users\고필규\source\repos\kofeeel\cpppractice_wanted_potenup2\winapi\galaga\250304_winapi\x64\debug\250304_winapi.tlog\link.secondary.1.tlog
c:\users\고필규\source\repos\kofeeel\cpppractice_wanted_potenup2\winapi\galaga\250304_winapi\x64\debug\250304_winapi.tlog\link.write.1.tlog
